<?xml version="1.0" encoding="UTF-8"?>
<!-- Generated by org.testng.reporters.JUnitXMLReporter -->
<testsuite ignored="0" hostname="LAPTOP-MQ7POIOU" failures="0" tests="4" name="ChromeTest" time="2.479" errors="0" timestamp="2023-08-01T17:51:40 IST">
  <testcase classname="testClasses.baseClass" name="@BeforeMethod launchBrowser" time="2.439">
    <failure type="java.lang.NullPointerException" message="null value in entry: url=null">
      <![CDATA[java.lang.NullPointerException: null value in entry: url=null
at com.google.common.collect.CollectPreconditions.checkEntryNotNull(CollectPreconditions.java:32)
at com.google.common.collect.SingletonImmutableBiMap.<init>(SingletonImmutableBiMap.java:42)
at com.google.common.collect.ImmutableBiMap.of(ImmutableBiMap.java:72)
at com.google.common.collect.ImmutableMap.of(ImmutableMap.java:124)
at org.openqa.selenium.remote.RemoteWebDriver.get(RemoteWebDriver.java:277)
at testClasses.baseClass.launchBrowser(baseClass.java:55)
at java.base/java.util.ArrayList.forEach(ArrayList.java:1511)
at java.base/java.util.concurrent.FutureTask.run(FutureTask.java:264)
at java.base/java.util.concurrent.ThreadPoolExecutor.runWorker(ThreadPoolExecutor.java:1136)
at java.base/java.util.concurrent.ThreadPoolExecutor$Worker.run(ThreadPoolExecutor.java:635)
at java.base/java.lang.Thread.run(Thread.java:833)
... Removed 21 stack frames]]>
    </failure>
  </testcase> <!-- @BeforeMethod launchBrowser -->
  <testcase classname="testClasses.baseClass" name="@AfterMethod closeBrowser" time="0.0">
    <skipped/>
  </testcase> <!-- @AfterMethod closeBrowser -->
  <testcase classname="testClasses.LogIn" name="verifyLoginPage" time="0.0">
    <skipped/>
  </testcase> <!-- verifyLoginPage -->
  <testcase classname="testClasses.LogIn" name="verifyCurrentUrl" time="0.0">
    <skipped/>
  </testcase> <!-- verifyCurrentUrl -->
  <testcase classname="testClasses.LogIn" name="verifyProductsPage" time="0.0">
    <skipped/>
  </testcase> <!-- verifyProductsPage -->
  <testcase classname="testClasses.LogIn" name="verifyPriceDynamically" time="0.0">
    <skipped/>
  </testcase> <!-- verifyPriceDynamically -->
</testsuite> <!-- ChromeTest -->
